<?xml version="1.0" encoding="UTF-8"?>
<!-- Generated by org.testng.reporters.JUnitXMLReporter -->
<testsuite ignored="0" hostname="BCV-DT-028" failures="1" tests="12" name="ERP Test Cases" time="135.613" errors="0" timestamp="2022-11-18T12:17:44 IST">
  <testcase classname="com.erp.qa.testcases.DasbordPageTest" name="validatedashbordPageTitleTest" time="0.017"/>
  <testcase classname="com.erp.qa.testcases.DasbordPageTest" name="validatelogoTest" time="2.05"/>
  <testcase classname="com.erp.qa.testcases.DasbordPageTest" name="clickpurchaseindentTest" time="4.138"/>
  <testcase classname="com.erp.qa.testcases.LoginPageTest" name="validateloginPageTitleTest" time="0.006"/>
  <testcase classname="com.erp.qa.testcases.LoginPageTest" name="validatelogupimgTest" time="0.037"/>
  <testcase classname="com.erp.qa.testcases.LoginPageTest" name="validatebuttonTest" time="0.023"/>
  <testcase classname="com.erp.qa.testcases.LoginPageTest" name="loginTest" time="0.198"/>
  <testcase classname="com.erp.qa.testcases.PurchaseIndentPageTest" name="validatedashbordPageTitleTest" time="0.006"/>
  <testcase classname="com.erp.qa.testcases.PurchaseIndentPageTest" name="lookonpurchaseindentTest" time="10.592"/>
  <testcase classname="com.erp.qa.testcases.PurchaseIndentPageTest" name="discartpurchaseindentTest" time="9.006"/>
  <testcase classname="com.erp.qa.testcases.PurchaseIndentPageTest" name="addindentTest" time="50.986"/>
  <testcase classname="com.erp.qa.testcases.PurchaseIndentPageTest" name="submitindentTest" time="4.178">
    <failure type="org.openqa.selenium.ElementNotInteractableException" message="element not interactable
  (Session info: chrome=107.0.5304.107)
Build info: version: &amp;apos;4.2.2&amp;apos;, revision: &amp;apos;683ccb65d6&amp;apos;
System info: host: &amp;apos;BCV-DT-028&amp;apos;, ip: &amp;apos;192.168.1.38&amp;apos;, os.name: &amp;apos;Windows 10&amp;apos;, os.arch: &amp;apos;amd64&amp;apos;, os.version: &amp;apos;10.0&amp;apos;, java.version: &amp;apos;17.0.3&amp;apos;
Driver info: org.openqa.selenium.chrome.ChromeDriver
Command: [6eb6ea383649320ca069625d06030b3f, clickElement {id=05140143-1781-4dbd-9054-654c947f6576}]
Capabilities {acceptInsecureCerts: true, browserName: chrome, browserVersion: 107.0.5304.107, chrome: {chromedriverVersion: 107.0.5304.62 (1eec40d3a576..., userDataDir: C:\Users\YASHAN~1.SUD\AppDa...}, goog:chromeOptions: {debuggerAddress: localhost:59095}, networkConnectionEnabled: false, pageLoadStrategy: normal, platformName: WINDOWS, proxy: Proxy(), se:cdp: ws://localhost:59095/devtoo..., se:cdpVersion: 107.0.5304.107, setWindowRect: true, strictFileInteractability: false, timeouts: {implicit: 0, pageLoad: 300000, script: 30000}, unhandledPromptBehavior: dismiss and notify, webauthn:extension:credBlob: true, webauthn:extension:largeBlob: true, webauthn:virtualAuthenticators: true}
Element: [[ChromeDriver: chrome on WINDOWS (6eb6ea383649320ca069625d06030b3f)] -&amp;gt; xpath: (//input[contains(@type,&amp;apos;checkbox&amp;apos;)])[56]]
Session ID: 6eb6ea383649320ca069625d06030b3f">
      <![CDATA[org.openqa.selenium.ElementNotInteractableException: element not interactable
  (Session info: chrome=107.0.5304.107)
Build info: version: '4.2.2', revision: '683ccb65d6'
System info: host: 'BCV-DT-028', ip: '192.168.1.38', os.name: 'Windows 10', os.arch: 'amd64', os.version: '10.0', java.version: '17.0.3'
Driver info: org.openqa.selenium.chrome.ChromeDriver
Command: [6eb6ea383649320ca069625d06030b3f, clickElement {id=05140143-1781-4dbd-9054-654c947f6576}]
Capabilities {acceptInsecureCerts: true, browserName: chrome, browserVersion: 107.0.5304.107, chrome: {chromedriverVersion: 107.0.5304.62 (1eec40d3a576..., userDataDir: C:\Users\YASHAN~1.SUD\AppDa...}, goog:chromeOptions: {debuggerAddress: localhost:59095}, networkConnectionEnabled: false, pageLoadStrategy: normal, platformName: WINDOWS, proxy: Proxy(), se:cdp: ws://localhost:59095/devtoo..., se:cdpVersion: 107.0.5304.107, setWindowRect: true, strictFileInteractability: false, timeouts: {implicit: 0, pageLoad: 300000, script: 30000}, unhandledPromptBehavior: dismiss and notify, webauthn:extension:credBlob: true, webauthn:extension:largeBlob: true, webauthn:virtualAuthenticators: true}
Element: [[ChromeDriver: chrome on WINDOWS (6eb6ea383649320ca069625d06030b3f)] -> xpath: (//input[contains(@type,'checkbox')])[56]]
Session ID: 6eb6ea383649320ca069625d06030b3f
at org.openqa.selenium.remote.codec.w3c.W3CHttpResponseCodec.createException(W3CHttpResponseCodec.java:200)
at org.openqa.selenium.remote.codec.w3c.W3CHttpResponseCodec.decode(W3CHttpResponseCodec.java:133)
at org.openqa.selenium.remote.codec.w3c.W3CHttpResponseCodec.decode(W3CHttpResponseCodec.java:53)
at org.openqa.selenium.remote.HttpCommandExecutor.execute(HttpCommandExecutor.java:184)
at org.openqa.selenium.remote.service.DriverCommandExecutor.invokeExecute(DriverCommandExecutor.java:167)
at org.openqa.selenium.remote.service.DriverCommandExecutor.execute(DriverCommandExecutor.java:142)
at org.openqa.selenium.remote.RemoteWebDriver.execute(RemoteWebDriver.java:588)
at org.openqa.selenium.remote.RemoteWebElement.execute(RemoteWebElement.java:257)
at org.openqa.selenium.remote.RemoteWebElement.click(RemoteWebElement.java:78)
at org.openqa.selenium.support.pagefactory.internal.LocatingElementHandler.invoke(LocatingElementHandler.java:52)
at jdk.proxy2/jdk.proxy2.$Proxy17.click(Unknown Source)
at com.erp.qa.pages.PurchaseIndentPage.submitindent(PurchaseIndentPage.java:95)
at com.erp.qa.testcases.PurchaseIndentPageTest.submitindentTest(PurchaseIndentPageTest.java:83)
at java.base/java.util.ArrayList.forEach(ArrayList.java:1511)
... Removed 35 stack frames]]>
    </failure>
  </testcase> <!-- submitindentTest -->
</testsuite> <!-- ERP Test Cases -->
